Arguments: 
  C:\Programming\nodejs\node.exe C:\Programming\Yarn\bin\yarn.js add WebSocket

PATH: 
  C:\Program Files (x86)\Intel\Intel(R) Management Engine Components\iCLS\;C:\Program Files\Intel\Intel(R) Management Engine Components\iCLS\;C:\Windows\system32;C:\Windows;C:\Windows\System32\Wbem;C:\Windows\System32\WindowsPowerShell\v1.0\;C:\Windows\System32\OpenSSH\;C:\Program Files (x86)\Intel\Intel(R) Management Engine Components\DAL;C:\Program Files\Intel\Intel(R) Management Engine Components\DAL;C:\Program Files (x86)\Intel\Intel(R) Management Engine Components\IPT;C:\Program Files\Intel\Intel(R) Management Engine Components\IPT;C:\Program Files (x86)\NVIDIA Corporation\PhysX\Common;C:\Program Files\NVIDIA Corporation\NVIDIA NvDLISR;C:\Programming\PuTTY\;C:\WINDOWS\system32;C:\WINDOWS;C:\WINDOWS\System32\Wbem;C:\WINDOWS\System32\WindowsPowerShell\v1.0\;C:\WINDOWS\System32\OpenSSH\;C:\Programming\nodejs\;C:\Programming\Git\cmd;C:\Programming\Yarn\bin\;C:\Users\igorm\AppData\Local\Microsoft\WindowsApps;C:\Users\igorm\AppData\Roaming\npm;C:\Programming\Microsoft VS Code\bin;C:\Program Files\PostgreSQL\12\bin;C:\Users\igorm\AppData\Local\Yarn\bin

Yarn version: 
  1.19.1

Node version: 
  10.16.3

Platform: 
  win32 x64

Trace: 
  Error: https://registry.yarnpkg.com/WebSocket: Not found
      at Request.params.callback [as _callback] (C:\Programming\Yarn\lib\cli.js:66035:18)
      at Request.self.callback (C:\Programming\Yarn\lib\cli.js:140564:22)
      at Request.emit (events.js:198:13)
      at Request.<anonymous> (C:\Programming\Yarn\lib\cli.js:141536:10)
      at Request.emit (events.js:198:13)
      at IncomingMessage.<anonymous> (C:\Programming\Yarn\lib\cli.js:141458:12)
      at Object.onceWrapper (events.js:286:20)
      at IncomingMessage.emit (events.js:203:15)
      at endReadableNT (_stream_readable.js:1145:12)
      at process._tickCallback (internal/process/next_tick.js:63:19)

npm manifest: 
  {
    "name": "project-webSockets",
    "version": "0.0.1",
    "description": "techTalk for BigMiniConf - websockets and their use",
    "main": "index.js",
    "author": "Igor Michailov <igor.m.byak@gmail.com>",
    "license": "none",
    "private": false
  }

yarn manifest: 
  No manifest

Lockfile: 
  No lockfile
